e:\intel\custom protocol\udp_party\udp_party\x64\debug\vc143.pdb
e:\intel\custom protocol\udp_party\udp_party\x64\debug\vc143.idb
e:\intel\custom protocol\udp_party\udp_party\x64\debug\utils.obj
e:\intel\custom protocol\udp_party\udp_party\x64\debug\types.obj
e:\intel\custom protocol\udp_party\udp_party\x64\debug\sockets.obj
e:\intel\custom protocol\udp_party\udp_party\x64\debug\session.obj
e:\intel\custom protocol\udp_party\udp_party\x64\debug\server_session.obj
e:\intel\custom protocol\udp_party\udp_party\x64\debug\server.obj
e:\intel\custom protocol\udp_party\udp_party\x64\debug\main.obj
e:\intel\custom protocol\udp_party\udp_party\x64\debug\eliza.obj
e:\intel\custom protocol\udp_party\udp_party\x64\debug\crypto_wrapper_openssl.obj
e:\intel\custom protocol\udp_party\udp_party\x64\debug\crypto_wrapper_mbedtls.obj
e:\intel\custom protocol\udp_party\udp_party\x64\debug\crypto_wrapper_empty.obj
e:\intel\custom protocol\udp_party\udp_party\x64\debug\client_session.obj
e:\intel\custom protocol\udp_party\udp_party\x64\debug\client.obj
e:\intel\custom protocol\udp_party\x64\debug\udp_party.exe
e:\intel\custom protocol\udp_party\x64\debug\udp_party.pdb
e:\intel\custom protocol\udp_party\udp_party\x64\debug\udp_party.ilk
e:\intel\custom protocol\udp_party\udp_party\x64\debug\udp_party.tlog\cl.command.1.tlog
e:\intel\custom protocol\udp_party\udp_party\x64\debug\udp_party.tlog\cl.items.tlog
e:\intel\custom protocol\udp_party\udp_party\x64\debug\udp_party.tlog\cl.read.1.tlog
e:\intel\custom protocol\udp_party\udp_party\x64\debug\udp_party.tlog\cl.write.1.tlog
e:\intel\custom protocol\udp_party\udp_party\x64\debug\udp_party.tlog\link.command.1.tlog
e:\intel\custom protocol\udp_party\udp_party\x64\debug\udp_party.tlog\link.read.1.tlog
e:\intel\custom protocol\udp_party\udp_party\x64\debug\udp_party.tlog\link.secondary.1.tlog
e:\intel\custom protocol\udp_party\udp_party\x64\debug\udp_party.tlog\link.write.1.tlog
